{"C:\\Users\\Alex\\Documents\\GitHub\\react-testing-bootcamp-cp-2022\\src\\App.js": {"path":"C:\\Users\\Alex\\Documents\\GitHub\\react-testing-bootcamp-cp-2022\\src\\App.js","statementMap":{"0":{"start":{"line":17,"column":16},"end":{"line":17,"column":55}},"1":{"start":{"line":18,"column":36},"end":{"line":18,"column":51}},"2":{"start":{"line":21,"column":14},"end":{"line":21,"column":53}},"3":{"start":{"line":23,"column":2},"end":{"line":26,"column":18}},"4":{"start":{"line":24,"column":4},"end":{"line":25,"column":76}},"5":{"start":{"line":25,"column":6},"end":{"line":25,"column":76}},"6":{"start":{"line":28,"column":39},"end":{"line":28,"column":52}},"7":{"start":{"line":30,"column":2},"end":{"line":33,"column":14}},"8":{"start":{"line":31,"column":4},"end":{"line":32,"column":84}},"9":{"start":{"line":32,"column":6},"end":{"line":32,"column":84}},"10":{"start":{"line":35,"column":27},"end":{"line":38,"column":3}},"11":{"start":{"line":36,"column":20},"end":{"line":36,"column":34}},"12":{"start":{"line":37,"column":4},"end":{"line":37,"column":26}},"13":{"start":{"line":40,"column":2},"end":{"line":49,"column":6}},"14":{"start":{"line":41,"column":4},"end":{"line":49,"column":6}},"15":{"start":{"line":51,"column":2},"end":{"line":63,"column":4}}},"fnMap":{"0":{"name":"App","decl":{"start":{"line":16,"column":9},"end":{"line":16,"column":12}},"loc":{"start":{"line":16,"column":15},"end":{"line":64,"column":1}},"line":16},"1":{"name":"(anonymous_1)","decl":{"start":{"line":23,"column":12},"end":{"line":23,"column":13}},"loc":{"start":{"line":23,"column":18},"end":{"line":26,"column":3}},"line":23},"2":{"name":"(anonymous_2)","decl":{"start":{"line":30,"column":12},"end":{"line":30,"column":13}},"loc":{"start":{"line":30,"column":18},"end":{"line":33,"column":3}},"line":30},"3":{"name":"(anonymous_3)","decl":{"start":{"line":35,"column":27},"end":{"line":35,"column":28}},"loc":{"start":{"line":35,"column":34},"end":{"line":38,"column":3}},"line":35}},"branchMap":{"0":{"loc":{"start":{"line":24,"column":4},"end":{"line":25,"column":76}},"type":"if","locations":[{"start":{"line":24,"column":4},"end":{"line":25,"column":76}},{"start":{},"end":{}}],"line":24},"1":{"loc":{"start":{"line":31,"column":4},"end":{"line":32,"column":84}},"type":"if","locations":[{"start":{"line":31,"column":4},"end":{"line":32,"column":84}},{"start":{},"end":{}}],"line":31},"2":{"loc":{"start":{"line":40,"column":2},"end":{"line":49,"column":6}},"type":"if","locations":[{"start":{"line":40,"column":2},"end":{"line":49,"column":6}},{"start":{},"end":{}}],"line":40},"3":{"loc":{"start":{"line":58,"column":11},"end":{"line":58,"column":62}},"type":"binary-expr","locations":[{"start":{"line":58,"column":11},"end":{"line":58,"column":17}},{"start":{"line":58,"column":21},"end":{"line":58,"column":62}}],"line":58}},"s":{"0":5,"1":5,"2":5,"3":5,"4":5,"5":1,"6":5,"7":5,"8":5,"9":3,"10":5,"11":1,"12":1,"13":5,"14":1,"15":4},"f":{"0":5,"1":5,"2":5,"3":1},"b":{"0":[1,4],"1":[3,2],"2":[1,4],"3":[4,1]},"_coverageSchema":"1a1c01bbd47fc00a2c39e90264f33305004495a9","hash":"2248f020222dc8c8653d2ec1c364746c9b348927"}
,"C:\\Users\\Alex\\Documents\\GitHub\\react-testing-bootcamp-cp-2022\\src\\components\\DatePicker\\DatePicker.js": {"path":"C:\\Users\\Alex\\Documents\\GitHub\\react-testing-bootcamp-cp-2022\\src\\components\\DatePicker\\DatePicker.js","statementMap":{"0":{"start":{"line":2,"column":19},"end":{"line":15,"column":1}},"1":{"start":{"line":3,"column":2},"end":{"line":14,"column":4}}},"fnMap":{"0":{"name":"(anonymous_0)","decl":{"start":{"line":2,"column":19},"end":{"line":2,"column":20}},"loc":{"start":{"line":2,"column":60},"end":{"line":15,"column":1}},"line":2}},"branchMap":{},"s":{"0":2,"1":5},"f":{"0":5},"b":{},"_coverageSchema":"1a1c01bbd47fc00a2c39e90264f33305004495a9","hash":"fef140d80c3d8b8bc80814537a11df2b631768fe"}
,"C:\\Users\\Alex\\Documents\\GitHub\\react-testing-bootcamp-cp-2022\\src\\components\\DatePicker\\index.js": {"path":"C:\\Users\\Alex\\Documents\\GitHub\\react-testing-bootcamp-cp-2022\\src\\components\\DatePicker\\index.js","statementMap":{},"fnMap":{},"branchMap":{},"s":{},"f":{},"b":{},"_coverageSchema":"1a1c01bbd47fc00a2c39e90264f33305004495a9","hash":"ab5a9bfdaa11a34ea58a9c5dc7caab5dd302d52c"}
,"C:\\Users\\Alex\\Documents\\GitHub\\react-testing-bootcamp-cp-2022\\src\\components\\Footer\\Footer.js": {"path":"C:\\Users\\Alex\\Documents\\GitHub\\react-testing-bootcamp-cp-2022\\src\\components\\Footer\\Footer.js","statementMap":{"0":{"start":{"line":3,"column":15},"end":{"line":9,"column":1}},"1":{"start":{"line":4,"column":2},"end":{"line":8,"column":4}}},"fnMap":{"0":{"name":"(anonymous_0)","decl":{"start":{"line":3,"column":15},"end":{"line":3,"column":16}},"loc":{"start":{"line":3,"column":21},"end":{"line":9,"column":1}},"line":3}},"branchMap":{},"s":{"0":2,"1":5},"f":{"0":5},"b":{},"_coverageSchema":"1a1c01bbd47fc00a2c39e90264f33305004495a9","hash":"09638b66d7b62255afe57de7c101d55fa3302a7c"}
,"C:\\Users\\Alex\\Documents\\GitHub\\react-testing-bootcamp-cp-2022\\src\\components\\Footer\\index.js": {"path":"C:\\Users\\Alex\\Documents\\GitHub\\react-testing-bootcamp-cp-2022\\src\\components\\Footer\\index.js","statementMap":{},"fnMap":{},"branchMap":{},"s":{},"f":{},"b":{},"_coverageSchema":"1a1c01bbd47fc00a2c39e90264f33305004495a9","hash":"60b882aa94a4adffb86be4fc4f0d8dbcdbe33f56"}
,"C:\\Users\\Alex\\Documents\\GitHub\\react-testing-bootcamp-cp-2022\\src\\components\\MediaContainer\\MediaContainer.js": {"path":"C:\\Users\\Alex\\Documents\\GitHub\\react-testing-bootcamp-cp-2022\\src\\components\\MediaContainer\\MediaContainer.js","statementMap":{"0":{"start":{"line":4,"column":23},"end":{"line":22,"column":1}},"1":{"start":{"line":5,"column":32},"end":{"line":5,"column":47}},"2":{"start":{"line":7,"column":25},"end":{"line":9,"column":3}},"3":{"start":{"line":8,"column":4},"end":{"line":8,"column":25}},"4":{"start":{"line":11,"column":22},"end":{"line":11,"column":59}},"5":{"start":{"line":13,"column":2},"end":{"line":21,"column":4}}},"fnMap":{"0":{"name":"(anonymous_0)","decl":{"start":{"line":4,"column":23},"end":{"line":4,"column":24}},"loc":{"start":{"line":4,"column":60},"end":{"line":22,"column":1}},"line":4},"1":{"name":"(anonymous_1)","decl":{"start":{"line":7,"column":25},"end":{"line":7,"column":26}},"loc":{"start":{"line":7,"column":31},"end":{"line":9,"column":3}},"line":7}},"branchMap":{"0":{"loc":{"start":{"line":11,"column":22},"end":{"line":11,"column":59}},"type":"cond-expr","locations":[{"start":{"line":11,"column":32},"end":{"line":11,"column":47}},{"start":{"line":11,"column":50},"end":{"line":11,"column":59}}],"line":11},"1":{"loc":{"start":{"line":15,"column":7},"end":{"line":19,"column":7}},"type":"cond-expr","locations":[{"start":{"line":16,"column":8},"end":{"line":16,"column":92}},{"start":{"line":18,"column":8},"end":{"line":18,"column":81}}],"line":15}},"s":{"0":3,"1":5,"2":5,"3":0,"4":5,"5":5},"f":{"0":5,"1":0},"b":{"0":[0,5],"1":[2,3]},"_coverageSchema":"1a1c01bbd47fc00a2c39e90264f33305004495a9","hash":"dc40b0225dfd2ab808405fe07eb7ba3cb7b9c96e"}
,"C:\\Users\\Alex\\Documents\\GitHub\\react-testing-bootcamp-cp-2022\\src\\components\\MediaContainer\\index.js": {"path":"C:\\Users\\Alex\\Documents\\GitHub\\react-testing-bootcamp-cp-2022\\src\\components\\MediaContainer\\index.js","statementMap":{},"fnMap":{},"branchMap":{},"s":{},"f":{},"b":{},"_coverageSchema":"1a1c01bbd47fc00a2c39e90264f33305004495a9","hash":"77142e2da681bea79bb3f778d200b9d4aac6bbcb"}
,"C:\\Users\\Alex\\Documents\\GitHub\\react-testing-bootcamp-cp-2022\\src\\components\\PictureOfTheDay\\PictureOfTheDay.js": {"path":"C:\\Users\\Alex\\Documents\\GitHub\\react-testing-bootcamp-cp-2022\\src\\components\\PictureOfTheDay\\PictureOfTheDay.js","statementMap":{"0":{"start":{"line":5,"column":24},"end":{"line":18,"column":1}},"1":{"start":{"line":6,"column":63},"end":{"line":6,"column":73}},"2":{"start":{"line":7,"column":2},"end":{"line":17,"column":4}}},"fnMap":{"0":{"name":"(anonymous_0)","decl":{"start":{"line":5,"column":24},"end":{"line":5,"column":25}},"loc":{"start":{"line":5,"column":44},"end":{"line":18,"column":1}},"line":5}},"branchMap":{},"s":{"0":2,"1":3,"2":3},"f":{"0":3},"b":{},"_coverageSchema":"1a1c01bbd47fc00a2c39e90264f33305004495a9","hash":"ec8aa3ef8af407ae51f41ff11d65abf7261485ee"}
,"C:\\Users\\Alex\\Documents\\GitHub\\react-testing-bootcamp-cp-2022\\src\\components\\PictureOfTheDay\\index.js": {"path":"C:\\Users\\Alex\\Documents\\GitHub\\react-testing-bootcamp-cp-2022\\src\\components\\PictureOfTheDay\\index.js","statementMap":{},"fnMap":{},"branchMap":{},"s":{},"f":{},"b":{},"_coverageSchema":"1a1c01bbd47fc00a2c39e90264f33305004495a9","hash":"61595b1864fd089a1734262837a346a940d64e2f"}
,"C:\\Users\\Alex\\Documents\\GitHub\\react-testing-bootcamp-cp-2022\\src\\hooks\\useFetch.js": {"path":"C:\\Users\\Alex\\Documents\\GitHub\\react-testing-bootcamp-cp-2022\\src\\hooks\\useFetch.js","statementMap":{"0":{"start":{"line":3,"column":24},"end":{"line":30,"column":1}},"1":{"start":{"line":4,"column":34},"end":{"line":4,"column":48}},"2":{"start":{"line":5,"column":32},"end":{"line":5,"column":46}},"3":{"start":{"line":6,"column":28},"end":{"line":6,"column":42}},"4":{"start":{"line":8,"column":2},"end":{"line":28,"column":12}},"5":{"start":{"line":9,"column":20},"end":{"line":26,"column":5}},"6":{"start":{"line":10,"column":6},"end":{"line":10,"column":24}},"7":{"start":{"line":11,"column":6},"end":{"line":11,"column":23}},"8":{"start":{"line":12,"column":6},"end":{"line":12,"column":21}},"9":{"start":{"line":13,"column":6},"end":{"line":25,"column":7}},"10":{"start":{"line":14,"column":20},"end":{"line":14,"column":36}},"11":{"start":{"line":15,"column":21},"end":{"line":15,"column":37}},"12":{"start":{"line":16,"column":8},"end":{"line":20,"column":9}},"13":{"start":{"line":17,"column":10},"end":{"line":17,"column":31}},"14":{"start":{"line":19,"column":10},"end":{"line":19,"column":28}},"15":{"start":{"line":22,"column":8},"end":{"line":22,"column":27}},"16":{"start":{"line":24,"column":8},"end":{"line":24,"column":26}},"17":{"start":{"line":27,"column":4},"end":{"line":27,"column":17}},"18":{"start":{"line":29,"column":2},"end":{"line":29,"column":38}}},"fnMap":{"0":{"name":"(anonymous_0)","decl":{"start":{"line":3,"column":24},"end":{"line":3,"column":25}},"loc":{"start":{"line":3,"column":33},"end":{"line":30,"column":1}},"line":3},"1":{"name":"(anonymous_1)","decl":{"start":{"line":8,"column":12},"end":{"line":8,"column":13}},"loc":{"start":{"line":8,"column":18},"end":{"line":28,"column":3}},"line":8},"2":{"name":"(anonymous_2)","decl":{"start":{"line":9,"column":20},"end":{"line":9,"column":21}},"loc":{"start":{"line":9,"column":35},"end":{"line":26,"column":5}},"line":9}},"branchMap":{"0":{"loc":{"start":{"line":16,"column":8},"end":{"line":20,"column":9}},"type":"if","locations":[{"start":{"line":16,"column":8},"end":{"line":20,"column":9}},{"start":{"line":18,"column":15},"end":{"line":20,"column":9}}],"line":16}},"s":{"0":0,"1":0,"2":0,"3":0,"4":0,"5":0,"6":0,"7":0,"8":0,"9":0,"10":0,"11":0,"12":0,"13":0,"14":0,"15":0,"16":0,"17":0,"18":0},"f":{"0":0,"1":0,"2":0},"b":{"0":[0,0]}}
}
