TN:
SF:src\App.js
FN:16,App
FN:23,(anonymous_1)
FN:30,(anonymous_2)
FN:35,(anonymous_3)
FNF:4
FNH:4
FNDA:5,App
FNDA:5,(anonymous_1)
FNDA:5,(anonymous_2)
FNDA:1,(anonymous_3)
DA:17,5
DA:18,5
DA:21,5
DA:23,5
DA:24,5
DA:25,1
DA:28,5
DA:30,5
DA:31,5
DA:32,3
DA:35,5
DA:36,1
DA:37,1
DA:40,5
DA:41,1
DA:51,4
LF:16
LH:16
BRDA:24,0,0,1
BRDA:24,0,1,4
BRDA:31,1,0,3
BRDA:31,1,1,2
BRDA:40,2,0,1
BRDA:40,2,1,4
BRDA:58,3,0,4
BRDA:58,3,1,1
BRF:8
BRH:8
end_of_record
TN:
SF:src\components\DatePicker\DatePicker.js
FN:2,(anonymous_0)
FNF:1
FNH:1
FNDA:5,(anonymous_0)
DA:2,2
DA:3,5
LF:2
LH:2
BRF:0
BRH:0
end_of_record
TN:
SF:src\components\DatePicker\index.js
FNF:0
FNH:0
LF:0
LH:0
BRF:0
BRH:0
end_of_record
TN:
SF:src\components\Footer\Footer.js
FN:3,(anonymous_0)
FNF:1
FNH:1
FNDA:5,(anonymous_0)
DA:3,2
DA:4,5
LF:2
LH:2
BRF:0
BRH:0
end_of_record
TN:
SF:src\components\Footer\index.js
FNF:0
FNH:0
LF:0
LH:0
BRF:0
BRH:0
end_of_record
TN:
SF:src\components\MediaContainer\MediaContainer.js
FN:4,(anonymous_0)
FN:7,(anonymous_1)
FNF:2
FNH:1
FNDA:5,(anonymous_0)
FNDA:0,(anonymous_1)
DA:4,3
DA:5,5
DA:7,5
DA:8,0
DA:11,5
DA:13,5
LF:6
LH:5
BRDA:11,0,0,0
BRDA:11,0,1,5
BRDA:15,1,0,2
BRDA:15,1,1,3
BRF:4
BRH:3
end_of_record
TN:
SF:src\components\MediaContainer\index.js
FNF:0
FNH:0
LF:0
LH:0
BRF:0
BRH:0
end_of_record
TN:
SF:src\components\PictureOfTheDay\PictureOfTheDay.js
FN:5,(anonymous_0)
FNF:1
FNH:1
FNDA:3,(anonymous_0)
DA:5,2
DA:6,3
DA:7,3
LF:3
LH:3
BRF:0
BRH:0
end_of_record
TN:
SF:src\components\PictureOfTheDay\index.js
FNF:0
FNH:0
LF:0
LH:0
BRF:0
BRH:0
end_of_record
TN:
SF:src\hooks\useFetch.js
FN:3,(anonymous_0)
FN:8,(anonymous_1)
FN:9,(anonymous_2)
FNF:3
FNH:0
FNDA:0,(anonymous_0)
FNDA:0,(anonymous_1)
FNDA:0,(anonymous_2)
DA:3,0
DA:4,0
DA:5,0
DA:6,0
DA:8,0
DA:9,0
DA:10,0
DA:11,0
DA:12,0
DA:13,0
DA:14,0
DA:15,0
DA:16,0
DA:17,0
DA:19,0
DA:22,0
DA:24,0
DA:27,0
DA:29,0
LF:19
LH:0
BRDA:16,0,0,0
BRDA:16,0,1,0
BRF:2
BRH:0
end_of_record
